[handleMsg]:  {
  key: {
    remoteJid: '5491127781140@s.whatsapp.net',
    fromMe: false,
    id: 'C4106FA69D323FD0B44E01329D6B33CC',
    participant: undefined
  },
  messageTimestamp: 1676135375,
  pushName: 'Bautiiii',
  message: Message {
    conversation: 'Hola',
    messageContextInfo: MessageContextInfo {
      deviceListMetadata: [DeviceListMetadata],
      deviceListMetadataVersion: 2
    }
  },
  body: 'Hola',
  from: '5491127781140'
}
[handleMsg]:  {
  key: {
    remoteJid: '5491121826254@s.whatsapp.net',
    fromMe: false,
    id: '3A9078FA0633BC49EE38',
    participant: undefined
  },
  messageTimestamp: 1676135503,
  pushName: 'Eleonora',
  message: Message {
    conversation: 'Hola',
    messageContextInfo: MessageContextInfo {
      deviceListMetadata: [DeviceListMetadata],
      deviceListMetadataVersion: 2
    }
  },
  body: 'Hola',
  from: '5491121826254'
}
